# JRE version: OpenJDK Runtime Environment (8.0_242-b01) (build 1.8.0_242-release-1644-b01)
# Java VM: OpenJDK 64-Bit Server VM (25.242-b01 mixed mode windows-amd64 compressed oops)
Heap:
 PSYoungGen      total 577536K, used 92089K [0x00000000d5580000, 0x00000000ff200000, 0x0000000100000000)
  eden space 486912K, 16% used [0x00000000d5580000,0x00000000da2477b8,0x00000000f3100000)
  from space 90624K, 14% used [0x00000000f9980000,0x00000000fa6a6f58,0x00000000ff200000)
  to   space 98816K, 0% used [0x00000000f3100000,0x00000000f3100000,0x00000000f9180000)
 ParOldGen       total 252416K, used 213575K [0x0000000080000000, 0x000000008f680000, 0x00000000d5580000)
  object space 252416K, 84% used [0x0000000080000000,0x000000008d091f98,0x000000008f680000)
 Metaspace       used 98274K, capacity 103502K, committed 103912K, reserved 1140736K
  class space    used 12705K, capacity 13654K, committed 13840K, reserved 1048576K
GC Heap History (10 events):
Event: 222.089 GC heap before
{Heap before GC invocations=56 (full 6):
 PSYoungGen      total 489472K, used 375709K [0x00000000d5580000, 0x00000000fdc00000, 0x0000000100000000)
  eden space 366592K, 100% used [0x00000000d5580000,0x00000000ebb80000,0x00000000ebb80000)
  from space 122880K, 7% used [0x00000000ebb80000,0x00000000ec4676b8,0x00000000f3380000)
  to   space 120320K, 0% used [0x00000000f6680000,0x00000000f6680000,0x00000000fdc00000)
 ParOldGen       total 252416K, used 173616K [0x0000000080000000, 0x000000008f680000, 0x00000000d5580000)
  object space 252416K, 68% used [0x0000000080000000,0x000000008a98c300,0x000000008f680000)
 Metaspace       used 98073K, capacity 103306K, committed 103656K, reserved 1140736K
  class space    used 12693K, capacity 13646K, committed 13840K, reserved 1048576K
Event: 222.154 GC heap after
Heap after GC invocations=56 (full 6):
 PSYoungGen      total 526336K, used 17485K [0x00000000d5580000, 0x00000000fcf80000, 0x0000000100000000)
  eden space 418816K, 0% used [0x00000000d5580000,0x00000000d5580000,0x00000000eee80000)
  from space 107520K, 16% used [0x00000000f6680000,0x00000000f7793510,0x00000000fcf80000)
  to   space 115200K, 0% used [0x00000000eee80000,0x00000000eee80000,0x00000000f5f00000)
 ParOldGen       total 252416K, used 178920K [0x0000000080000000, 0x000000008f680000, 0x00000000d5580000)
  object space 252416K, 70% used [0x0000000080000000,0x000000008aeba300,0x000000008f680000)
 Metaspace       used 98073K, capacity 103306K, committed 103656K, reserved 1140736K
  class space    used 12693K, capacity 13646K, committed 13840K, reserved 1048576K
}
Event: 225.006 GC heap before
{Heap before GC invocations=57 (full 6):
 PSYoungGen      total 526336K, used 436301K [0x00000000d5580000, 0x00000000fcf80000, 0x0000000100000000)
  eden space 418816K, 100% used [0x00000000d5580000,0x00000000eee80000,0x00000000eee80000)
  from space 107520K, 16% used [0x00000000f6680000,0x00000000f7793510,0x00000000fcf80000)
  to   space 115200K, 0% used [0x00000000eee80000,0x00000000eee80000,0x00000000f5f00000)
 ParOldGen       total 252416K, used 178920K [0x0000000080000000, 0x000000008f680000, 0x00000000d5580000)
  object space 252416K, 70% used [0x0000000080000000,0x000000008aeba300,0x000000008f680000)
 Metaspace       used 98193K, capacity 103430K, committed 103912K, reserved 1140736K
  class space    used 12704K, capacity 13654K, committed 13840K, reserved 1048576K
Event: 225.089 GC heap after
Heap after GC invocations=57 (full 6):
 PSYoungGen      total 534016K, used 9269K [0x00000000d5580000, 0x0000000100000000, 0x0000000100000000)
  eden space 418816K, 0% used [0x00000000d5580000,0x00000000d5580000,0x00000000eee80000)
  from space 115200K, 8% used [0x00000000eee80000,0x00000000ef78d5d8,0x00000000f5f00000)
  to   space 111616K, 0% used [0x00000000f9300000,0x00000000f9300000,0x0000000100000000)
 ParOldGen       total 252416K, used 193200K [0x0000000080000000, 0x000000008f680000, 0x00000000d5580000)
  object space 252416K, 76% used [0x0000000080000000,0x000000008bcac148,0x000000008f680000)
 Metaspace       used 98193K, capacity 103430K, committed 103912K, reserved 1140736K
  class space    used 12704K, capacity 13654K, committed 13840K, reserved 1048576K
}
Event: 227.898 GC heap before
{Heap before GC invocations=58 (full 6):
 PSYoungGen      total 534016K, used 428085K [0x00000000d5580000, 0x0000000100000000, 0x0000000100000000)
  eden space 418816K, 100% used [0x00000000d5580000,0x00000000eee80000,0x00000000eee80000)
  from space 115200K, 8% used [0x00000000eee80000,0x00000000ef78d5d8,0x00000000f5f00000)
  to   space 111616K, 0% used [0x00000000f9300000,0x00000000f9300000,0x0000000100000000)
 ParOldGen       total 252416K, used 193200K [0x0000000080000000, 0x000000008f680000, 0x00000000d5580000)
  object space 252416K, 76% used [0x0000000080000000,0x000000008bcac148,0x000000008f680000)
 Metaspace       used 98216K, capacity 103494K, committed 103912K, reserved 1140736K
  class space    used 12705K, capacity 13654K, committed 13840K, reserved 1048576K
Event: 227.956 GC heap after
Heap after GC invocations=58 (full 6):
 PSYoungGen      total 572928K, used 8127K [0x00000000d5580000, 0x00000000ff580000, 0x0000000100000000)
  eden space 472064K, 0% used [0x00000000d5580000,0x00000000d5580000,0x00000000f2280000)
  from space 100864K, 8% used [0x00000000f9300000,0x00000000f9aefea0,0x00000000ff580000)
  to   space 108032K, 0% used [0x00000000f2280000,0x00000000f2280000,0x00000000f8c00000)
 ParOldGen       total 252416K, used 200248K [0x0000000080000000, 0x000000008f680000, 0x00000000d5580000)
  object space 252416K, 79% used [0x0000000080000000,0x000000008c38e248,0x000000008f680000)
 Metaspace       used 98216K, capacity 103494K, committed 103912K, reserved 1140736K
  class space    used 12705K, capacity 13654K, committed 13840K, reserved 1048576K
}
Event: 230.716 GC heap before
{Heap before GC invocations=59 (full 6):
 PSYoungGen      total 572928K, used 480191K [0x00000000d5580000, 0x00000000ff580000, 0x0000000100000000)
  eden space 472064K, 100% used [0x00000000d5580000,0x00000000f2280000,0x00000000f2280000)
  from space 100864K, 8% used [0x00000000f9300000,0x00000000f9aefea0,0x00000000ff580000)
  to   space 108032K, 0% used [0x00000000f2280000,0x00000000f2280000,0x00000000f8c00000)
 ParOldGen       total 252416K, used 200248K [0x0000000080000000, 0x000000008f680000, 0x00000000d5580000)
  object space 252416K, 79% used [0x0000000080000000,0x000000008c38e248,0x000000008f680000)
 Metaspace       used 98228K, capacity 103494K, committed 103912K, reserved 1140736K
  class space    used 12705K, capacity 13654K, committed 13840K, reserved 1048576K
Event: 230.812 GC heap after
Heap after GC invocations=59 (full 6):
 PSYoungGen      total 580096K, used 8943K [0x00000000d5580000, 0x00000000fff00000, 0x0000000100000000)
  eden space 472064K, 0% used [0x00000000d5580000,0x00000000d5580000,0x00000000f2280000)
  from space 108032K, 8% used [0x00000000f2280000,0x00000000f2b3bd80,0x00000000f8c00000)
  to   space 103936K, 0% used [0x00000000f9980000,0x00000000f9980000,0x00000000fff00000)
 ParOldGen       total 252416K, used 206940K [0x0000000080000000, 0x000000008f680000, 0x00000000d5580000)
  object space 252416K, 81% used [0x0000000080000000,0x000000008ca17200,0x000000008f680000)
 Metaspace       used 98228K, capacity 103494K, committed 103912K, reserved 1140736K
  class space    used 12705K, capacity 13654K, committed 13840K, reserved 1048576K
}
Event: 235.404 GC heap before
{Heap before GC invocations=60 (full 6):
 PSYoungGen      total 580096K, used 481007K [0x00000000d5580000, 0x00000000fff00000, 0x0000000100000000)
  eden space 472064K, 100% used [0x00000000d5580000,0x00000000f2280000,0x00000000f2280000)
  from space 108032K, 8% used [0x00000000f2280000,0x00000000f2b3bd80,0x00000000f8c00000)
  to   space 103936K, 0% used [0x00000000f9980000,0x00000000f9980000,0x00000000fff00000)
 ParOldGen       total 252416K, used 206940K [0x0000000080000000, 0x000000008f680000, 0x00000000d5580000)
  object space 252416K, 81% used [0x0000000080000000,0x000000008ca17200,0x000000008f680000)
 Metaspace       used 98271K, capacity 103498K, committed 103912K, reserved 1140736K
  class space    used 12705K, capacity 13654K, committed 13840K, reserved 1048576K
Event: 235.451 GC heap after
Heap after GC invocations=60 (full 6):
 PSYoungGen      total 577536K, used 13467K [0x00000000d5580000, 0x00000000ff200000, 0x0000000100000000)
  eden space 486912K, 0% used [0x00000000d5580000,0x00000000d5580000,0x00000000f3100000)
  from space 90624K, 14% used [0x00000000f9980000,0x00000000fa6a6f58,0x00000000ff200000)
  to   space 98816K, 0% used [0x00000000f3100000,0x00000000f3100000,0x00000000f9180000)
 ParOldGen       total 252416K, used 213575K [0x0000000080000000, 0x000000008f680000, 0x00000000d5580000)
  object space 252416K, 84% used [0x0000000080000000,0x000000008d091f98,0x000000008f680000)
 Metaspace       used 98271K, capacity 103498K, committed 103912K, reserved 1140736K
  class space    used 12705K, capacity 13654K, committed 13840K, reserved 1048576K
}

